<?xml version="1.0" encoding="UTF-8"?>
<!-- Generated by org.testng.reporters.JUnitXMLReporter -->
<testsuite ignored="0" hostname="Joe" failures="0" tests="3" name="Test" time="21.622" errors="0" timestamp="2022-09-27T01:46:38 IST">
  <testcase classname="testcase.EditLead" name="runEditLead" time="20.439"/>
  <testcase classname="testcase.CreateLead" name="runCreateLead" time="21.435"/>
  <testcase classname="testcase.DeleteLead" name="runDeleteLead" time="21.601"/>
</testsuite> <!-- Test -->
